0 info it worked if it ends with ok
1 verbose cli [ '/Users/walaa/.nodenv/versions/9.5.0/bin/node',
1 verbose cli   '/Users/walaa/.nodenv/versions/9.5.0/bin/npm',
1 verbose cli   'run',
1 verbose cli   'test',
1 verbose cli   '--no-cache' ]
2 info using npm@5.6.0
3 info using node@v9.5.0
4 verbose run-script [ 'pretest', 'test', 'posttest' ]
5 info lifecycle mountain@0.1.0~pretest: mountain@0.1.0
6 info lifecycle mountain@0.1.0~test: mountain@0.1.0
7 verbose lifecycle mountain@0.1.0~test: unsafe-perm in lifecycle true
8 verbose lifecycle mountain@0.1.0~test: PATH: /Users/walaa/.nodenv/versions/9.5.0/lib/node_modules/npm/node_modules/npm-lifecycle/node-gyp-bin:/Users/walaa/yamsafer/Mountain/node_modules/.bin:/Users/walaa/.nodenv/versions/9.5.0/bin:/usr/local/Cellar/nodenv/1.1.2/libexec:/Users/walaa/.nodenv/shims:/usr/local/bin:/usr/bin:/bin:/usr/sbin:/sbin:/usr/local/git/bin:/Users/walaa/bin:/Users/walaa/.rvm/bin
9 verbose lifecycle mountain@0.1.0~test: CWD: /Users/walaa/yamsafer/Mountain
10 silly lifecycle mountain@0.1.0~test: Args: [ '-c', 'jest' ]
11 silly lifecycle mountain@0.1.0~test: Returned: code: 1  signal: null
12 info lifecycle mountain@0.1.0~test: Failed to exec test script
13 verbose stack Error: mountain@0.1.0 test: `jest`
13 verbose stack Exit status 1
13 verbose stack     at EventEmitter.<anonymous> (/Users/walaa/.nodenv/versions/9.5.0/lib/node_modules/npm/node_modules/npm-lifecycle/index.js:285:16)
13 verbose stack     at EventEmitter.emit (events.js:160:13)
13 verbose stack     at ChildProcess.<anonymous> (/Users/walaa/.nodenv/versions/9.5.0/lib/node_modules/npm/node_modules/npm-lifecycle/lib/spawn.js:55:14)
13 verbose stack     at ChildProcess.emit (events.js:160:13)
13 verbose stack     at maybeClose (internal/child_process.js:943:16)
13 verbose stack     at Process.ChildProcess._handle.onexit (internal/child_process.js:220:5)
14 verbose pkgid mountain@0.1.0
15 verbose cwd /Users/walaa/yamsafer/Mountain
16 verbose Darwin 17.7.0
17 verbose argv "/Users/walaa/.nodenv/versions/9.5.0/bin/node" "/Users/walaa/.nodenv/versions/9.5.0/bin/npm" "run" "test" "--no-cache"
18 verbose node v9.5.0
19 verbose npm  v5.6.0
20 error code ELIFECYCLE
21 error errno 1
22 error mountain@0.1.0 test: `jest`
22 error Exit status 1
23 error Failed at the mountain@0.1.0 test script.
23 error This is probably not a problem with npm. There is likely additional logging output above.
24 verbose exit [ 1, true ]
